<?xml version="1.0" encoding="UTF-8"?>
<!-- Generated by org.testng.reporters.JUnitReportReporter -->
<testsuite hostname="Admin-PC" name="test.MethodsArrayTest" tests="3" failures="0" timestamp="20 Jun 2014 17:59:00 GMT" time="0.033" errors="0">
  <testcase name="TestGetSumOfArray" time="0.030" classname="test.MethodsArrayTest"/>
  <testcase name="TestgetMinElementOfArray" time="0.001" classname="test.MethodsArrayTest"/>
  <testcase name="TestrpintArray" time="0.002" classname="test.MethodsArrayTest"/>
</testsuite> <!-- test.MethodsArrayTest -->
