<?xml version="1.0" encoding="UTF-8"?>
<!-- Generated by org.testng.reporters.JUnitReportReporter -->
<testsuite hostname="Admin-PC" name="com.sirma.itt.javacourse.methodsarray.MethodsArrayTest" tests="2" failures="0" timestamp="28 Jun 2014 12:06:27 GMT" time="0.062" errors="0">
  <testcase name="testGetSumOfArray" time="0.056" classname="com.sirma.itt.javacourse.methodsarray.MethodsArrayTest"/>
  <testcase name="testgetMinElementOfArray" time="0.006" classname="com.sirma.itt.javacourse.methodsarray.MethodsArrayTest"/>
</testsuite> <!-- com.sirma.itt.javacourse.methodsarray.MethodsArrayTest -->
