<?xml version="1.0" encoding="UTF-8"?>
<!-- Generated by org.testng.reporters.JUnitReportReporter -->
<testsuite hostname="Admin-PC" name="com.sirma.itt.javacourse.methodsarray.MethodsArrayTest" tests="3" failures="0" timestamp="26 Jun 2014 17:27:02 GMT" time="0.038" errors="0">
  <testcase name="TestGetSumOfArray" time="0.033" classname="com.sirma.itt.javacourse.methodsarray.MethodsArrayTest"/>
  <testcase name="TestgetMinElementOfArray" time="0.002" classname="com.sirma.itt.javacourse.methodsarray.MethodsArrayTest"/>
  <testcase name="TestrpintArray" time="0.003" classname="com.sirma.itt.javacourse.methodsarray.MethodsArrayTest"/>
</testsuite> <!-- com.sirma.itt.javacourse.methodsarray.MethodsArrayTest -->
