<?xml version="1.0" encoding="UTF-8"?>
<!-- Generated by org.testng.reporters.JUnitReportReporter -->
<testsuite hostname="Admin-PC" name="test.ArrayReversTest" tests="1" failures="0" timestamp="20 Jun 2014 15:38:17 GMT" time="0.343" errors="0">
  <testcase name="f" time="0.343" classname="test.ArrayReversTest"/>
</testsuite> <!-- test.ArrayReversTest -->
