<?xml version="1.0" encoding="UTF-8"?>
<!-- Generated by org.testng.reporters.JUnitReportReporter -->
<testsuite hostname="Admin-PC" name="com.sirma.itt.javacourse.ArrayReversTest" tests="1" failures="0" timestamp="26 Jun 2014 17:22:35 GMT" time="0.036" errors="0">
  <testcase name="TestMainReverse" time="0.036" classname="com.sirma.itt.javacourse.ArrayReversTest"/>
</testsuite> <!-- com.sirma.itt.javacourse.ArrayReversTest -->
