<?xml version="1.0" encoding="UTF-8"?>
<!-- Generated by org.testng.reporters.JUnitReportReporter -->
<testsuite hostname="Admin-PC" name="com.sirma.itt.javacourse.ArrayRevTest" tests="1" failures="0" timestamp="30 Jun 2014 16:10:31 GMT" time="0.053" errors="0">
  <testcase name="testReverse" time="0.053" classname="com.sirma.itt.javacourse.ArrayRevTest"/>
</testsuite> <!-- com.sirma.itt.javacourse.ArrayRevTest -->
