<?xml version="1.0" encoding="UTF-8"?>
<!-- Generated by org.testng.reporters.JUnitReportReporter -->
<testsuite hostname="Admin-PC" name="test.HangmamTest" tests="1" failures="0" timestamp="20 Jun 2014 17:32:35 GMT" time="0.115" errors="0">
  <testcase name="TestWordGen" time="0.115" classname="test.HangmamTest"/>
</testsuite> <!-- test.HangmamTest -->
