<?xml version="1.0" encoding="UTF-8"?>
<!-- Generated by org.testng.reporters.JUnitReportReporter -->
<testsuite hostname="Admin-PC" name="test.BigNumbersTest" tests="1" failures="0" timestamp="20 Jun 2014 17:54:50 GMT" time="0.033" errors="0">
  <testcase name="TestSumBigNumbers" time="0.033" classname="test.BigNumbersTest"/>
</testsuite> <!-- test.BigNumbersTest -->
